-------------------------------------------------------------------------------
Test set: securebank.runners.TestRunner
-------------------------------------------------------------------------------
Tests run: 9, Failures: 2, Errors: 0, Skipped: 0, Time elapsed: 14.23 s <<< FAILURE! -- in securebank.runners.TestRunner
securebank.runners.TestRunner.runScenario["Login API exitoso", "API de SecureBank"](1) -- Time elapsed: 2.886 s <<< FAILURE!
java.lang.AssertionError: expected [200] but found [401]
	at org.testng.Assert.fail(Assert.java:111)
	at org.testng.Assert.failNotEquals(Assert.java:1578)
	at org.testng.Assert.assertEqualsImpl(Assert.java:150)
	at org.testng.Assert.assertEquals(Assert.java:132)
	at org.testng.Assert.assertEquals(Assert.java:1419)
	at org.testng.Assert.assertEquals(Assert.java:1383)
	at org.testng.Assert.assertEquals(Assert.java:1429)
	at securebank.stepdefinitions.ApiSteps.verifyStatus(ApiSteps.java:21)
	at ✽.recibo status 200(file:///D:/PROYECTOS/securebank-test-framework/src/test/resources/features/api.feature:11)

securebank.runners.TestRunner.runScenario["Consulta de saldo API", "API de SecureBank"](3) -- Time elapsed: 2.175 s <<< FAILURE!
java.lang.AssertionError: expected [200] but found [401]
	at org.testng.Assert.fail(Assert.java:111)
	at org.testng.Assert.failNotEquals(Assert.java:1578)
	at org.testng.Assert.assertEqualsImpl(Assert.java:150)
	at org.testng.Assert.assertEquals(Assert.java:132)
	at org.testng.Assert.assertEquals(Assert.java:1419)
	at org.testng.Assert.assertEquals(Assert.java:1383)
	at org.testng.Assert.assertEquals(Assert.java:1429)
	at securebank.stepdefinitions.ApiSteps.verifyStatus(ApiSteps.java:21)
	at ✽.recibo status 200(file:///D:/PROYECTOS/securebank-test-framework/src/test/resources/features/api.feature:23)

