<?xml version="1.0" encoding="UTF-8"?>
<testng-results ignored="0" total="6" passed="6" failed="0" skipped="0">
  <reporter-output>
  </reporter-output>
  <suite started-at="2026-07-27T19:49:46 CLT" name="Surefire suite" finished-at="2026-07-27T19:49:54 CLT" duration-ms="8319">
    <groups>
      <group name="cucumber">
        <method signature="AbstractTestNGCucumberTests.runScenario(io.cucumber.testng.PickleWrapper,io.cucumber.testng.FeatureWrapper)[pri:0, instance:securebank.runners.TestRunner@4b213651]" name="runScenario" class="io.cucumber.testng.AbstractTestNGCucumberTests"/>
      </group> <!-- cucumber -->
    </groups>
    <test started-at="2026-07-27T19:49:46 CLT" name="Surefire test" finished-at="2026-07-27T19:49:54 CLT" duration-ms="8319">
      <class name="securebank.runners.TestRunner">
        <test-method is-config="true" signature="setUpClass(org.testng.ITestContext)[pri:0, instance:securebank.runners.TestRunner@4b213651]" started-at="2026-07-27T19:49:46 CLT" name="setUpClass" finished-at="2026-07-27T19:49:46 CLT" duration-ms="347" status="PASS">
          <params>
            <param index="0">
              <value>
                <![CDATA[org.testng.TestRunner@74e497ae]]>
              </value>
            </param>
          </params>
          <reporter-output>
          </reporter-output>
        </test-method> <!-- setUpClass -->
        <test-method signature="runScenario(io.cucumber.testng.PickleWrapper,io.cucumber.testng.FeatureWrapper)[pri:0, instance:securebank.runners.TestRunner@4b213651]" started-at="2026-07-27T19:49:46 CLT" name="runScenario" description="Runs Cucumber Scenarios" data-provider="scenarios" finished-at="2026-07-27T19:49:48 CLT" duration-ms="2002" status="PASS">
          <params>
            <param index="0">
              <value>
                <![CDATA["Login exitoso con credenciales válidas"]]>
              </value>
            </param>
            <param index="1">
              <value>
                <![CDATA["Login de usuarios en SecureBank"]]>
              </value>
            </param>
          </params>
          <reporter-output>
          </reporter-output>
        </test-method> <!-- runScenario -->
        <test-method signature="runScenario(io.cucumber.testng.PickleWrapper,io.cucumber.testng.FeatureWrapper)[pri:0, instance:securebank.runners.TestRunner@4b213651]" started-at="2026-07-27T19:49:48 CLT" name="runScenario" description="Runs Cucumber Scenarios" data-provider="scenarios" finished-at="2026-07-27T19:49:50 CLT" duration-ms="1161" status="PASS">
          <params>
            <param index="0">
              <value>
                <![CDATA["Login fallido con usuario bloqueado"]]>
              </value>
            </param>
            <param index="1">
              <value>
                <![CDATA["Login de usuarios en SecureBank"]]>
              </value>
            </param>
          </params>
          <reporter-output>
          </reporter-output>
        </test-method> <!-- runScenario -->
        <test-method signature="runScenario(io.cucumber.testng.PickleWrapper,io.cucumber.testng.FeatureWrapper)[pri:0, instance:securebank.runners.TestRunner@4b213651]" started-at="2026-07-27T19:49:50 CLT" name="runScenario" description="Runs Cucumber Scenarios" data-provider="scenarios" finished-at="2026-07-27T19:49:51 CLT" duration-ms="1205" status="PASS">
          <params>
            <param index="0">
              <value>
                <![CDATA["Intento de SQL Injection en el login"]]>
              </value>
            </param>
            <param index="1">
              <value>
                <![CDATA["Login de usuarios en SecureBank"]]>
              </value>
            </param>
          </params>
          <reporter-output>
          </reporter-output>
        </test-method> <!-- runScenario -->
        <test-method signature="runScenario(io.cucumber.testng.PickleWrapper,io.cucumber.testng.FeatureWrapper)[pri:0, instance:securebank.runners.TestRunner@4b213651]" started-at="2026-07-27T19:49:51 CLT" name="runScenario" description="Runs Cucumber Scenarios" data-provider="scenarios" finished-at="2026-07-27T19:49:52 CLT" duration-ms="1169" status="PASS">
          <params>
            <param index="0">
              <value>
                <![CDATA["Validar múltiples credenciales"]]>
              </value>
            </param>
            <param index="1">
              <value>
                <![CDATA["Login de usuarios en SecureBank"]]>
              </value>
            </param>
          </params>
          <reporter-output>
          </reporter-output>
        </test-method> <!-- runScenario -->
        <test-method signature="runScenario(io.cucumber.testng.PickleWrapper,io.cucumber.testng.FeatureWrapper)[pri:0, instance:securebank.runners.TestRunner@4b213651]" started-at="2026-07-27T19:49:52 CLT" name="runScenario" description="Runs Cucumber Scenarios" data-provider="scenarios" finished-at="2026-07-27T19:49:53 CLT" duration-ms="1151" status="PASS">
          <params>
            <param index="0">
              <value>
                <![CDATA["Validar múltiples credenciales"]]>
              </value>
            </param>
            <param index="1">
              <value>
                <![CDATA["Login de usuarios en SecureBank"]]>
              </value>
            </param>
          </params>
          <reporter-output>
          </reporter-output>
        </test-method> <!-- runScenario -->
        <test-method signature="runScenario(io.cucumber.testng.PickleWrapper,io.cucumber.testng.FeatureWrapper)[pri:0, instance:securebank.runners.TestRunner@4b213651]" started-at="2026-07-27T19:49:53 CLT" name="runScenario" description="Runs Cucumber Scenarios" data-provider="scenarios" finished-at="2026-07-27T19:49:54 CLT" duration-ms="1178" status="PASS">
          <params>
            <param index="0">
              <value>
                <![CDATA["Validar múltiples credenciales"]]>
              </value>
            </param>
            <param index="1">
              <value>
                <![CDATA["Login de usuarios en SecureBank"]]>
              </value>
            </param>
          </params>
          <reporter-output>
          </reporter-output>
        </test-method> <!-- runScenario -->
        <test-method is-config="true" signature="tearDownClass()[pri:0, instance:securebank.runners.TestRunner@4b213651]" started-at="2026-07-27T19:49:54 CLT" name="tearDownClass" finished-at="2026-07-27T19:49:54 CLT" duration-ms="36" status="PASS">
          <reporter-output>
          </reporter-output>
        </test-method> <!-- tearDownClass -->
      </class> <!-- securebank.runners.TestRunner -->
    </test> <!-- Surefire test -->
  </suite> <!-- Surefire suite -->
</testng-results>
