<?xml version="1.0" encoding="UTF-8"?>
<testsuite xmlns:xsi="http://www.w3.org/2001/XMLSchema-instance" xsi:noNamespaceSchemaLocation="https://maven.apache.org/surefire/maven-surefire-plugin/xsd/surefire-test-report-3.0.xsd" version="3.0" name="securebank.runners.TestRunner" time="14.226" tests="9" errors="0" skipped="0" failures="2">
  <properties>
[...]
</properties>
  <testcase name="runScenario[&quot;Login API exitoso&quot;, &quot;API de SecureBank&quot;](1)" classname="securebank.runners.TestRunner" time="2.886">
    <failure message="expected [200] but found [401]" type="java.lang.AssertionError"><![CDATA[java.lang.AssertionError: expected [200] but found [401]
	at org.testng.Assert.fail(Assert.java:111)
	at org.testng.Assert.failNotEquals(Assert.java:1578)
	at org.testng.Assert.assertEqualsImpl(Assert.java:150)
	at org.testng.Assert.assertEquals(Assert.java:132)
	at org.testng.Assert.assertEquals(Assert.java:1419)
	at org.testng.Assert.assertEquals(Assert.java:1383)
	at org.testng.Assert.assertEquals(Assert.java:1429)
	at securebank.stepdefinitions.ApiSteps.verifyStatus(ApiSteps.java:21)
	at ✽.recibo status 200(file:///D:/PROYECTOS/securebank-test-framework/src/test/resources/features/api.feature:11)
]]></failure>
    <system-out><![CDATA[
@api @regression @smoke @login
Escenario: Login API exitoso                 # src/test/resources/features/api.feature:9
2026-07-27 23:22:13.324 [main] INFO  i.g.bonigarcia.wdm.WebDriverManager - Using chromedriver 150.0.7871.124 (resolved driver for Chrome 150)
2026-07-27 23:22:13.341 [main] INFO  i.g.bonigarcia.wdm.WebDriverManager - Exporting webdriver.chrome.driver as C:\Users\sergi\.cache\selenium\chromedriver\win64\150.0.7871.124\chromedriver.exe
  Cuando envío credenciales válidas a la API # securebank.stepdefinitions.ApiSteps.validLogin()
  Entonces recibo status 200                 # securebank.stepdefinitions.ApiSteps.verifyStatus(int)
      java.lang.AssertionError: expected [200] but found [401]
	at org.testng.Assert.fail(Assert.java:111)
	at org.testng.Assert.failNotEquals(Assert.java:1578)
	at org.testng.Assert.assertEqualsImpl(Assert.java:150)
	at org.testng.Assert.assertEquals(Assert.java:132)
	at org.testng.Assert.assertEquals(Assert.java:1419)
	at org.testng.Assert.assertEquals(Assert.java:1383)
	at org.testng.Assert.assertEquals(Assert.java:1429)
	at securebank.stepdefinitions.ApiSteps.verifyStatus(ApiSteps.java:21)
	at ✽.recibo status 200(file:///D:/PROYECTOS/securebank-test-framework/src/test/resources/features/api.feature:11)

  Y el token de sesión                       # securebank.stepdefinitions.ApiSteps.verifyToken()
📸 Screenshot guardado: target/screenshots/Login_API_exitoso_20260727_232215.png
]]></system-out>
    <system-err><![CDATA[jul 27, 2026 11:22:12 P. M. io.cucumber.core.options.CucumberPropertiesParser lambda$warnWhenCucumberOptionsIsUsed$2
WARNING: Passing commandline options via the property 'cucumber.options' is no longer supported. Please use individual properties instead. See the java doc on io.cucumber.core.options.Constants for details.
jul 27, 2026 11:22:14 P. M. org.openqa.selenium.devtools.CdpVersionFinder findNearestMatch
WARNING: Unable to find CDP implementation matching 150
jul 27, 2026 11:22:14 P. M. org.openqa.selenium.chromium.ChromiumDriver lambda$new$5
WARNING: Unable to find version of CDP to use for 150.0.7871.187. You may need to include a dependency on a specific version of the CDP using something similar to `org.seleniumhq.selenium:selenium-devtools-v86:4.18.1` where the version ("v86") matches the version of the chromium-based browser you're using and the version number of the artifact is the same as Selenium's.
]]></system-err>
  </testcase>
  <testcase name="runScenario[&quot;API rechaza SQL Injection&quot;, &quot;API de SecureBank&quot;](2)" classname="securebank.runners.TestRunner" time="1.406">
    <system-out><![CDATA[
@api @regression @security
Escenario: API rechaza SQL Injection          # src/test/resources/features/api.feature:15
2026-07-27 23:22:15.860 [main] INFO  i.g.bonigarcia.wdm.WebDriverManager - Using chromedriver 150.0.7871.124 (resolved driver for Chrome 150)
2026-07-27 23:22:15.863 [main] INFO  i.g.bonigarcia.wdm.WebDriverManager - Exporting webdriver.chrome.driver as C:\Users\sergi\.cache\selenium\chromedriver\win64\150.0.7871.124\chromedriver.exe
  Cuando envío credenciales con SQL Injection # securebank.stepdefinitions.ApiSteps.sqlInjection()
  Entonces recibo status 401                  # securebank.stepdefinitions.ApiSteps.verifyStatus(int)
]]></system-out>
    <system-err><![CDATA[jul 27, 2026 11:22:16 P. M. org.openqa.selenium.devtools.CdpVersionFinder findNearestMatch
WARNING: Unable to find CDP implementation matching 150
jul 27, 2026 11:22:16 P. M. org.openqa.selenium.chromium.ChromiumDriver lambda$new$5
WARNING: Unable to find version of CDP to use for 150.0.7871.187. You may need to include a dependency on a specific version of the CDP using something similar to `org.seleniumhq.selenium:selenium-devtools-v86:4.18.1` where the version ("v86") matches the version of the chromium-based browser you're using and the version number of the artifact is the same as Selenium's.
]]></system-err>
  </testcase>
  <testcase name="runScenario[&quot;Consulta de saldo API&quot;, &quot;API de SecureBank&quot;](3)" classname="securebank.runners.TestRunner" time="2.175">
    <failure message="expected [200] but found [401]" type="java.lang.AssertionError"><![CDATA[java.lang.AssertionError: expected [200] but found [401]
	at org.testng.Assert.fail(Assert.java:111)
	at org.testng.Assert.failNotEquals(Assert.java:1578)
	at org.testng.Assert.assertEqualsImpl(Assert.java:150)
	at org.testng.Assert.assertEquals(Assert.java:132)
	at org.testng.Assert.assertEquals(Assert.java:1419)
	at org.testng.Assert.assertEquals(Assert.java:1383)
	at org.testng.Assert.assertEquals(Assert.java:1429)
	at securebank.stepdefinitions.ApiSteps.verifyStatus(ApiSteps.java:21)
	at ✽.recibo status 200(file:///D:/PROYECTOS/securebank-test-framework/src/test/resources/features/api.feature:23)
]]></failure>
    <system-out><![CDATA[
@api @regression @balance
Escenario: Consulta de saldo API       # src/test/resources/features/api.feature:20
2026-07-27 23:22:17.268 [main] INFO  i.g.bonigarcia.wdm.WebDriverManager - Using chromedriver 150.0.7871.124 (resolved driver for Chrome 150)
2026-07-27 23:22:17.272 [main] INFO  i.g.bonigarcia.wdm.WebDriverManager - Exporting webdriver.chrome.driver as C:\Users\sergi\.cache\selenium\chromedriver\win64\150.0.7871.124\chromedriver.exe
  Dado que estoy autenticado en la API # securebank.stepdefinitions.ApiSteps.authenticated()
  Cuando consulto mi saldo             # securebank.stepdefinitions.ApiSteps.checkBalance()
  Entonces recibo status 200           # securebank.stepdefinitions.ApiSteps.verifyStatus(int)
      java.lang.AssertionError: expected [200] but found [401]
	at org.testng.Assert.fail(Assert.java:111)
	at org.testng.Assert.failNotEquals(Assert.java:1578)
	at org.testng.Assert.assertEqualsImpl(Assert.java:150)
	at org.testng.Assert.assertEquals(Assert.java:132)
	at org.testng.Assert.assertEquals(Assert.java:1419)
	at org.testng.Assert.assertEquals(Assert.java:1383)
	at org.testng.Assert.assertEquals(Assert.java:1429)
	at securebank.stepdefinitions.ApiSteps.verifyStatus(ApiSteps.java:21)
	at ✽.recibo status 200(file:///D:/PROYECTOS/securebank-test-framework/src/test/resources/features/api.feature:23)

  Y el saldo es mayor a 0              # securebank.stepdefinitions.ApiSteps.verifyBalance(int)
📸 Screenshot guardado: target/screenshots/Consulta_de_saldo_API_20260727_232219.png
]]></system-out>
    <system-err><![CDATA[jul 27, 2026 11:22:17 P. M. org.openqa.selenium.devtools.CdpVersionFinder findNearestMatch
WARNING: Unable to find CDP implementation matching 150
jul 27, 2026 11:22:17 P. M. org.openqa.selenium.chromium.ChromiumDriver lambda$new$5
WARNING: Unable to find version of CDP to use for 150.0.7871.187. You may need to include a dependency on a specific version of the CDP using something similar to `org.seleniumhq.selenium:selenium-devtools-v86:4.18.1` where the version ("v86") matches the version of the chromium-based browser you're using and the version number of the artifact is the same as Selenium's.
]]></system-err>
  </testcase>
  <testcase name="runScenario[&quot;Login exitoso con credenciales válidas&quot;, &quot;Login de usuarios en SecureBank&quot;](4)" classname="securebank.runners.TestRunner" time="1.21">
    <system-out><![CDATA[
@regression @smoke @happy-path
Escenario: Login exitoso con credenciales válidas                          # src/test/resources/features/login.feature:9
2026-07-27 23:22:19.448 [main] INFO  i.g.bonigarcia.wdm.WebDriverManager - Using chromedriver 150.0.7871.124 (resolved driver for Chrome 150)
2026-07-27 23:22:19.452 [main] INFO  i.g.bonigarcia.wdm.WebDriverManager - Exporting webdriver.chrome.driver as C:\Users\sergi\.cache\selenium\chromedriver\win64\150.0.7871.124\chromedriver.exe
  Dado que el usuario está en la página de login                           # securebank.stepdefinitions.LoginSteps.openLoginPage()
  Cuando ingresa el usuario "standard_user" y la contraseña "secret_sauce" # securebank.stepdefinitions.LoginSteps.enterCredentials(java.lang.String,java.lang.String)
  Entonces debería ver la página de inventario                             # securebank.stepdefinitions.LoginSteps.verifyInventoryPage()
  Y el título debería ser "Products"                                       # securebank.stepdefinitions.LoginSteps.verifyTitle(java.lang.String)
]]></system-out>
    <system-err><![CDATA[jul 27, 2026 11:22:20 P. M. org.openqa.selenium.devtools.CdpVersionFinder findNearestMatch
WARNING: Unable to find CDP implementation matching 150
jul 27, 2026 11:22:20 P. M. org.openqa.selenium.chromium.ChromiumDriver lambda$new$5
WARNING: Unable to find version of CDP to use for 150.0.7871.187. You may need to include a dependency on a specific version of the CDP using something similar to `org.seleniumhq.selenium:selenium-devtools-v86:4.18.1` where the version ("v86") matches the version of the chromium-based browser you're using and the version number of the artifact is the same as Selenium's.
]]></system-err>
  </testcase>
  <testcase name="runScenario[&quot;Login fallido con usuario bloqueado&quot;, &quot;Login de usuarios en SecureBank&quot;](5)" classname="securebank.runners.TestRunner" time="1.198">
    <system-out><![CDATA[
@regression @negative
Escenario: Login fallido con usuario bloqueado                               # src/test/resources/features/login.feature:16
2026-07-27 23:22:20.656 [main] INFO  i.g.bonigarcia.wdm.WebDriverManager - Using chromedriver 150.0.7871.124 (resolved driver for Chrome 150)
2026-07-27 23:22:20.659 [main] INFO  i.g.bonigarcia.wdm.WebDriverManager - Exporting webdriver.chrome.driver as C:\Users\sergi\.cache\selenium\chromedriver\win64\150.0.7871.124\chromedriver.exe
  Dado que el usuario está en la página de login                             # securebank.stepdefinitions.LoginSteps.openLoginPage()
  Cuando ingresa el usuario "locked_out_user" y la contraseña "secret_sauce" # securebank.stepdefinitions.LoginSteps.enterCredentials(java.lang.String,java.lang.String)
  Entonces debería ver un mensaje de error                                   # securebank.stepdefinitions.LoginSteps.verifyErrorMessage()
  Y el mensaje debería contener "locked out"                                 # securebank.stepdefinitions.LoginSteps.verifyErrorContains(java.lang.String)
]]></system-out>
    <system-err><![CDATA[jul 27, 2026 11:22:21 P. M. org.openqa.selenium.devtools.CdpVersionFinder findNearestMatch
WARNING: Unable to find CDP implementation matching 150
jul 27, 2026 11:22:21 P. M. org.openqa.selenium.chromium.ChromiumDriver lambda$new$5
WARNING: Unable to find version of CDP to use for 150.0.7871.187. You may need to include a dependency on a specific version of the CDP using something similar to `org.seleniumhq.selenium:selenium-devtools-v86:4.18.1` where the version ("v86") matches the version of the chromium-based browser you're using and the version number of the artifact is the same as Selenium's.
]]></system-err>
  </testcase>
  <testcase name="runScenario[&quot;Intento de SQL Injection en el login&quot;, &quot;Login de usuarios en SecureBank&quot;](6)" classname="securebank.runners.TestRunner" time="1.128">
    <system-out><![CDATA[
@regression @security
Escenario: Intento de SQL Injection en el login                        # src/test/resources/features/login.feature:23
2026-07-27 23:22:21.852 [main] INFO  i.g.bonigarcia.wdm.WebDriverManager - Using chromedriver 150.0.7871.124 (resolved driver for Chrome 150)
2026-07-27 23:22:21.855 [main] INFO  i.g.bonigarcia.wdm.WebDriverManager - Exporting webdriver.chrome.driver as C:\Users\sergi\.cache\selenium\chromedriver\win64\150.0.7871.124\chromedriver.exe
  Dado que el usuario está en la página de login                       # securebank.stepdefinitions.LoginSteps.openLoginPage()
  Cuando ingresa el usuario "' OR '1'='1" y la contraseña "cualquiera" # securebank.stepdefinitions.LoginSteps.enterCredentials(java.lang.String,java.lang.String)
  Entonces debería ver un mensaje de error                             # securebank.stepdefinitions.LoginSteps.verifyErrorMessage()
  Y NO debería estar autenticado                                       # securebank.stepdefinitions.LoginSteps.verifyNotAuthenticated()
]]></system-out>
    <system-err><![CDATA[jul 27, 2026 11:22:22 P. M. org.openqa.selenium.devtools.CdpVersionFinder findNearestMatch
WARNING: Unable to find CDP implementation matching 150
jul 27, 2026 11:22:22 P. M. org.openqa.selenium.chromium.ChromiumDriver lambda$new$5
WARNING: Unable to find version of CDP to use for 150.0.7871.187. You may need to include a dependency on a specific version of the CDP using something similar to `org.seleniumhq.selenium:selenium-devtools-v86:4.18.1` where the version ("v86") matches the version of the chromium-based browser you're using and the version number of the artifact is the same as Selenium's.
]]></system-err>
  </testcase>
  <testcase name="runScenario[&quot;Validar múltiples credenciales&quot;, &quot;Login de usuarios en SecureBank&quot;](7)" classname="securebank.runners.TestRunner" time="1.143">
    <system-out><![CDATA[
@regression @data-driven
Esquema del escenario: Validar múltiples credenciales                      # src/test/resources/features/login.feature:37
2026-07-27 23:22:22.977 [main] INFO  i.g.bonigarcia.wdm.WebDriverManager - Using chromedriver 150.0.7871.124 (resolved driver for Chrome 150)
2026-07-27 23:22:22.979 [main] INFO  i.g.bonigarcia.wdm.WebDriverManager - Exporting webdriver.chrome.driver as C:\Users\sergi\.cache\selenium\chromedriver\win64\150.0.7871.124\chromedriver.exe
  Dado que el usuario está en la página de login                           # securebank.stepdefinitions.LoginSteps.openLoginPage()
  Cuando ingresa el usuario "standard_user" y la contraseña "secret_sauce" # securebank.stepdefinitions.LoginSteps.enterCredentials(java.lang.String,java.lang.String)
  Entonces debería ver "la página de inventario"                           # securebank.stepdefinitions.LoginSteps.shouldSee(java.lang.String)
]]></system-out>
    <system-err><![CDATA[jul 27, 2026 11:22:23 P. M. org.openqa.selenium.devtools.CdpVersionFinder findNearestMatch
WARNING: Unable to find CDP implementation matching 150
jul 27, 2026 11:22:23 P. M. org.openqa.selenium.chromium.ChromiumDriver lambda$new$5
WARNING: Unable to find version of CDP to use for 150.0.7871.187. You may need to include a dependency on a specific version of the CDP using something similar to `org.seleniumhq.selenium:selenium-devtools-v86:4.18.1` where the version ("v86") matches the version of the chromium-based browser you're using and the version number of the artifact is the same as Selenium's.
]]></system-err>
  </testcase>
  <testcase name="runScenario[&quot;Validar múltiples credenciales&quot;, &quot;Login de usuarios en SecureBank&quot;](8)" classname="securebank.runners.TestRunner" time="1.129">
    <system-out><![CDATA[
@regression @data-driven
Esquema del escenario: Validar múltiples credenciales                        # src/test/resources/features/login.feature:38
2026-07-27 23:22:24.122 [main] INFO  i.g.bonigarcia.wdm.WebDriverManager - Using chromedriver 150.0.7871.124 (resolved driver for Chrome 150)
2026-07-27 23:22:24.124 [main] INFO  i.g.bonigarcia.wdm.WebDriverManager - Exporting webdriver.chrome.driver as C:\Users\sergi\.cache\selenium\chromedriver\win64\150.0.7871.124\chromedriver.exe
  Dado que el usuario está en la página de login                             # securebank.stepdefinitions.LoginSteps.openLoginPage()
  Cuando ingresa el usuario "locked_out_user" y la contraseña "secret_sauce" # securebank.stepdefinitions.LoginSteps.enterCredentials(java.lang.String,java.lang.String)
  Entonces debería ver "un mensaje de error"                                 # securebank.stepdefinitions.LoginSteps.shouldSee(java.lang.String)
]]></system-out>
    <system-err><![CDATA[jul 27, 2026 11:22:24 P. M. org.openqa.selenium.devtools.CdpVersionFinder findNearestMatch
WARNING: Unable to find CDP implementation matching 150
jul 27, 2026 11:22:24 P. M. org.openqa.selenium.chromium.ChromiumDriver lambda$new$5
WARNING: Unable to find version of CDP to use for 150.0.7871.187. You may need to include a dependency on a specific version of the CDP using something similar to `org.seleniumhq.selenium:selenium-devtools-v86:4.18.1` where the version ("v86") matches the version of the chromium-based browser you're using and the version number of the artifact is the same as Selenium's.
]]></system-err>
  </testcase>
  <testcase name="runScenario[&quot;Validar múltiples credenciales&quot;, &quot;Login de usuarios en SecureBank&quot;](9)" classname="securebank.runners.TestRunner" time="1.119">
    <system-out><![CDATA[
@regression @data-driven
Esquema del escenario: Validar múltiples credenciales                     # src/test/resources/features/login.feature:39
2026-07-27 23:22:25.254 [main] INFO  i.g.bonigarcia.wdm.WebDriverManager - Using chromedriver 150.0.7871.124 (resolved driver for Chrome 150)
2026-07-27 23:22:25.256 [main] INFO  i.g.bonigarcia.wdm.WebDriverManager - Exporting webdriver.chrome.driver as C:\Users\sergi\.cache\selenium\chromedriver\win64\150.0.7871.124\chromedriver.exe
  Dado que el usuario está en la página de login                          # securebank.stepdefinitions.LoginSteps.openLoginPage()
  Cuando ingresa el usuario "problem_user" y la contraseña "secret_sauce" # securebank.stepdefinitions.LoginSteps.enterCredentials(java.lang.String,java.lang.String)
  Entonces debería ver "la página de inventario"                          # securebank.stepdefinitions.LoginSteps.shouldSee(java.lang.String)
]]></system-out>
    <system-err><![CDATA[jul 27, 2026 11:22:25 P. M. org.openqa.selenium.devtools.CdpVersionFinder findNearestMatch
WARNING: Unable to find CDP implementation matching 150
jul 27, 2026 11:22:25 P. M. org.openqa.selenium.chromium.ChromiumDriver lambda$new$5
WARNING: Unable to find version of CDP to use for 150.0.7871.187. You may need to include a dependency on a specific version of the CDP using something similar to `org.seleniumhq.selenium:selenium-devtools-v86:4.18.1` where the version ("v86") matches the version of the chromium-based browser you're using and the version number of the artifact is the same as Selenium's.
]]></system-err>
  </testcase>
</testsuite>