<?xml version="1.0" encoding="UTF-8"?>
<testsuite xmlns:xsi="http://www.w3.org/2001/XMLSchema-instance" xsi:noNamespaceSchemaLocation="https://maven.apache.org/surefire/maven-surefire-plugin/xsd/surefire-test-report-3.0.xsd" version="3.0" name="securebank.runners.TestRunner" time="8.769" tests="6" errors="0" skipped="0" failures="0">
  <properties>
[...]
</properties>
  <testcase name="runScenario[&quot;Login exitoso con credenciales válidas&quot;, &quot;Login de usuarios en SecureBank&quot;](1)" classname="securebank.runners.TestRunner" time="2.037">
    <system-out><![CDATA[
@regression @smoke @happy-path
Escenario: Login exitoso con credenciales válidas                          # src/test/resources/features/login.feature:9
2026-07-27 19:49:47.221 [main] INFO  i.g.bonigarcia.wdm.WebDriverManager - Using chromedriver 149.0.7827.155 (resolved driver for Chrome 149)
2026-07-27 19:49:47.234 [main] INFO  i.g.bonigarcia.wdm.WebDriverManager - Exporting webdriver.chrome.driver as C:\Users\sergi\.cache\selenium\chromedriver\win64\149.0.7827.155\chromedriver.exe
  Dado que el usuario está en la página de login                           # securebank.stepdefinitions.LoginSteps.openLoginPage()
  Cuando ingresa el usuario "standard_user" y la contraseña "secret_sauce" # securebank.stepdefinitions.LoginSteps.enterCredentials(java.lang.String,java.lang.String)
  Entonces debería ver la página de inventario                             # securebank.stepdefinitions.LoginSteps.verifyInventoryPage()
  Y el título debería ser "Products"                                       # securebank.stepdefinitions.LoginSteps.verifyTitle(java.lang.String)
]]></system-out>
    <system-err><![CDATA[jul 27, 2026 7:49:46 P. M. io.cucumber.core.options.CucumberPropertiesParser lambda$warnWhenCucumberOptionsIsUsed$2
WARNING: Passing commandline options via the property 'cucumber.options' is no longer supported. Please use individual properties instead. See the java doc on io.cucumber.core.options.Constants for details.
jul 27, 2026 7:49:48 P. M. org.openqa.selenium.devtools.CdpVersionFinder findNearestMatch
WARNING: Unable to find CDP implementation matching 150
jul 27, 2026 7:49:48 P. M. org.openqa.selenium.chromium.ChromiumDriver lambda$new$5
WARNING: Unable to find version of CDP to use for 150.0.7871.187. You may need to include a dependency on a specific version of the CDP using something similar to `org.seleniumhq.selenium:selenium-devtools-v86:4.18.1` where the version ("v86") matches the version of the chromium-based browser you're using and the version number of the artifact is the same as Selenium's.
]]></system-err>
  </testcase>
  <testcase name="runScenario[&quot;Login fallido con usuario bloqueado&quot;, &quot;Login de usuarios en SecureBank&quot;](2)" classname="securebank.runners.TestRunner" time="1.16">
    <system-out><![CDATA[
@regression @negative
Escenario: Login fallido con usuario bloqueado                               # src/test/resources/features/login.feature:16
2026-07-27 19:49:48.875 [main] INFO  i.g.bonigarcia.wdm.WebDriverManager - Using chromedriver 149.0.7827.155 (resolved driver for Chrome 149)
2026-07-27 19:49:48.879 [main] INFO  i.g.bonigarcia.wdm.WebDriverManager - Exporting webdriver.chrome.driver as C:\Users\sergi\.cache\selenium\chromedriver\win64\149.0.7827.155\chromedriver.exe
  Dado que el usuario está en la página de login                             # securebank.stepdefinitions.LoginSteps.openLoginPage()
  Cuando ingresa el usuario "locked_out_user" y la contraseña "secret_sauce" # securebank.stepdefinitions.LoginSteps.enterCredentials(java.lang.String,java.lang.String)
  Entonces debería ver un mensaje de error                                   # securebank.stepdefinitions.LoginSteps.verifyErrorMessage()
  Y el mensaje debería contener "locked out"                                 # securebank.stepdefinitions.LoginSteps.verifyErrorContains(java.lang.String)
]]></system-out>
    <system-err><![CDATA[jul 27, 2026 7:49:49 P. M. org.openqa.selenium.devtools.CdpVersionFinder findNearestMatch
WARNING: Unable to find CDP implementation matching 150
jul 27, 2026 7:49:49 P. M. org.openqa.selenium.chromium.ChromiumDriver lambda$new$5
WARNING: Unable to find version of CDP to use for 150.0.7871.187. You may need to include a dependency on a specific version of the CDP using something similar to `org.seleniumhq.selenium:selenium-devtools-v86:4.18.1` where the version ("v86") matches the version of the chromium-based browser you're using and the version number of the artifact is the same as Selenium's.
]]></system-err>
  </testcase>
  <testcase name="runScenario[&quot;Intento de SQL Injection en el login&quot;, &quot;Login de usuarios en SecureBank&quot;](3)" classname="securebank.runners.TestRunner" time="1.206">
    <system-out><![CDATA[
@regression @security
Escenario: Intento de SQL Injection en el login                        # src/test/resources/features/login.feature:23
2026-07-27 19:49:50.035 [main] INFO  i.g.bonigarcia.wdm.WebDriverManager - Using chromedriver 149.0.7827.155 (resolved driver for Chrome 149)
2026-07-27 19:49:50.038 [main] INFO  i.g.bonigarcia.wdm.WebDriverManager - Exporting webdriver.chrome.driver as C:\Users\sergi\.cache\selenium\chromedriver\win64\149.0.7827.155\chromedriver.exe
  Dado que el usuario está en la página de login                       # securebank.stepdefinitions.LoginSteps.openLoginPage()
  Cuando ingresa el usuario "' OR '1'='1" y la contraseña "cualquiera" # securebank.stepdefinitions.LoginSteps.enterCredentials(java.lang.String,java.lang.String)
  Entonces debería ver un mensaje de error                             # securebank.stepdefinitions.LoginSteps.verifyErrorMessage()
  Y NO debería estar autenticado                                       # securebank.stepdefinitions.LoginSteps.verifyNotAuthenticated()
]]></system-out>
    <system-err><![CDATA[jul 27, 2026 7:49:50 P. M. org.openqa.selenium.devtools.CdpVersionFinder findNearestMatch
WARNING: Unable to find CDP implementation matching 150
jul 27, 2026 7:49:50 P. M. org.openqa.selenium.chromium.ChromiumDriver lambda$new$5
WARNING: Unable to find version of CDP to use for 150.0.7871.187. You may need to include a dependency on a specific version of the CDP using something similar to `org.seleniumhq.selenium:selenium-devtools-v86:4.18.1` where the version ("v86") matches the version of the chromium-based browser you're using and the version number of the artifact is the same as Selenium's.
]]></system-err>
  </testcase>
  <testcase name="runScenario[&quot;Validar múltiples credenciales&quot;, &quot;Login de usuarios en SecureBank&quot;](4)" classname="securebank.runners.TestRunner" time="1.17">
    <system-out><![CDATA[
@regression @data-driven
Esquema del escenario: Validar múltiples credenciales                      # src/test/resources/features/login.feature:37
2026-07-27 19:49:51.239 [main] INFO  i.g.bonigarcia.wdm.WebDriverManager - Using chromedriver 149.0.7827.155 (resolved driver for Chrome 149)
2026-07-27 19:49:51.242 [main] INFO  i.g.bonigarcia.wdm.WebDriverManager - Exporting webdriver.chrome.driver as C:\Users\sergi\.cache\selenium\chromedriver\win64\149.0.7827.155\chromedriver.exe
  Dado que el usuario está en la página de login                           # securebank.stepdefinitions.LoginSteps.openLoginPage()
  Cuando ingresa el usuario "standard_user" y la contraseña "secret_sauce" # securebank.stepdefinitions.LoginSteps.enterCredentials(java.lang.String,java.lang.String)
  Entonces debería ver "la página de inventario"                           # securebank.stepdefinitions.LoginSteps.shouldSee(java.lang.String)
]]></system-out>
    <system-err><![CDATA[jul 27, 2026 7:49:51 P. M. org.openqa.selenium.devtools.CdpVersionFinder findNearestMatch
WARNING: Unable to find CDP implementation matching 150
jul 27, 2026 7:49:51 P. M. org.openqa.selenium.chromium.ChromiumDriver lambda$new$5
WARNING: Unable to find version of CDP to use for 150.0.7871.187. You may need to include a dependency on a specific version of the CDP using something similar to `org.seleniumhq.selenium:selenium-devtools-v86:4.18.1` where the version ("v86") matches the version of the chromium-based browser you're using and the version number of the artifact is the same as Selenium's.
]]></system-err>
  </testcase>
  <testcase name="runScenario[&quot;Validar múltiples credenciales&quot;, &quot;Login de usuarios en SecureBank&quot;](5)" classname="securebank.runners.TestRunner" time="1.152">
    <system-out><![CDATA[
@regression @data-driven
Esquema del escenario: Validar múltiples credenciales                        # src/test/resources/features/login.feature:38
2026-07-27 19:49:52.412 [main] INFO  i.g.bonigarcia.wdm.WebDriverManager - Using chromedriver 149.0.7827.155 (resolved driver for Chrome 149)
2026-07-27 19:49:52.415 [main] INFO  i.g.bonigarcia.wdm.WebDriverManager - Exporting webdriver.chrome.driver as C:\Users\sergi\.cache\selenium\chromedriver\win64\149.0.7827.155\chromedriver.exe
  Dado que el usuario está en la página de login                             # securebank.stepdefinitions.LoginSteps.openLoginPage()
  Cuando ingresa el usuario "locked_out_user" y la contraseña "secret_sauce" # securebank.stepdefinitions.LoginSteps.enterCredentials(java.lang.String,java.lang.String)
  Entonces debería ver "un mensaje de error"                                 # securebank.stepdefinitions.LoginSteps.shouldSee(java.lang.String)
]]></system-out>
    <system-err><![CDATA[jul 27, 2026 7:49:53 P. M. org.openqa.selenium.devtools.CdpVersionFinder findNearestMatch
WARNING: Unable to find CDP implementation matching 150
jul 27, 2026 7:49:53 P. M. org.openqa.selenium.chromium.ChromiumDriver lambda$new$5
WARNING: Unable to find version of CDP to use for 150.0.7871.187. You may need to include a dependency on a specific version of the CDP using something similar to `org.seleniumhq.selenium:selenium-devtools-v86:4.18.1` where the version ("v86") matches the version of the chromium-based browser you're using and the version number of the artifact is the same as Selenium's.
]]></system-err>
  </testcase>
  <testcase name="runScenario[&quot;Validar múltiples credenciales&quot;, &quot;Login de usuarios en SecureBank&quot;](6)" classname="securebank.runners.TestRunner" time="1.179">
    <system-out><![CDATA[
@regression @data-driven
Esquema del escenario: Validar múltiples credenciales                     # src/test/resources/features/login.feature:39
2026-07-27 19:49:53.563 [main] INFO  i.g.bonigarcia.wdm.WebDriverManager - Using chromedriver 149.0.7827.155 (resolved driver for Chrome 149)
2026-07-27 19:49:53.565 [main] INFO  i.g.bonigarcia.wdm.WebDriverManager - Exporting webdriver.chrome.driver as C:\Users\sergi\.cache\selenium\chromedriver\win64\149.0.7827.155\chromedriver.exe
  Dado que el usuario está en la página de login                          # securebank.stepdefinitions.LoginSteps.openLoginPage()
  Cuando ingresa el usuario "problem_user" y la contraseña "secret_sauce" # securebank.stepdefinitions.LoginSteps.enterCredentials(java.lang.String,java.lang.String)
  Entonces debería ver "la página de inventario"                          # securebank.stepdefinitions.LoginSteps.shouldSee(java.lang.String)
]]></system-out>
    <system-err><![CDATA[jul 27, 2026 7:49:54 P. M. org.openqa.selenium.devtools.CdpVersionFinder findNearestMatch
WARNING: Unable to find CDP implementation matching 150
jul 27, 2026 7:49:54 P. M. org.openqa.selenium.chromium.ChromiumDriver lambda$new$5
WARNING: Unable to find version of CDP to use for 150.0.7871.187. You may need to include a dependency on a specific version of the CDP using something similar to `org.seleniumhq.selenium:selenium-devtools-v86:4.18.1` where the version ("v86") matches the version of the chromium-based browser you're using and the version number of the artifact is the same as Selenium's.
]]></system-err>
  </testcase>
</testsuite>