<?xml version="1.0" encoding="UTF-8"?>
<testng-results ignored="0" total="9" passed="7" failed="2" skipped="0">
  <reporter-output>
  </reporter-output>
  <suite started-at="2026-07-27T23:22:12 CLT" name="Surefire suite" finished-at="2026-07-27T23:22:26 CLT" duration-ms="13771">
    <groups>
      <group name="cucumber">
        <method signature="AbstractTestNGCucumberTests.runScenario(io.cucumber.testng.PickleWrapper,io.cucumber.testng.FeatureWrapper)[pri:0, instance:securebank.runners.TestRunner@4b213651]" name="runScenario" class="io.cucumber.testng.AbstractTestNGCucumberTests"/>
      </group> <!-- cucumber -->
    </groups>
    <test started-at="2026-07-27T23:22:12 CLT" name="Surefire test" finished-at="2026-07-27T23:22:26 CLT" duration-ms="13771">
      <class name="securebank.runners.TestRunner">
        <test-method is-config="true" signature="setUpClass(org.testng.ITestContext)[pri:0, instance:securebank.runners.TestRunner@4b213651]" started-at="2026-07-27T23:22:12 CLT" name="setUpClass" finished-at="2026-07-27T23:22:12 CLT" duration-ms="315" status="PASS">
          <params>
            <param index="0">
              <value>
                <![CDATA[org.testng.TestRunner@2a666c8e]]>
              </value>
            </param>
          </params>
          <reporter-output>
          </reporter-output>
        </test-method> <!-- setUpClass -->
        <test-method signature="runScenario(io.cucumber.testng.PickleWrapper,io.cucumber.testng.FeatureWrapper)[pri:0, instance:securebank.runners.TestRunner@4b213651]" started-at="2026-07-27T23:22:12 CLT" name="runScenario" description="Runs Cucumber Scenarios" data-provider="scenarios" finished-at="2026-07-27T23:22:15 CLT" duration-ms="2847" status="FAIL">
          <params>
            <param index="0">
              <value>
                <![CDATA["Login API exitoso"]]>
              </value>
            </param>
            <param index="1">
              <value>
                <![CDATA["API de SecureBank"]]>
              </value>
            </param>
          </params>
          <exception class="java.lang.AssertionError">
            <message>
              <![CDATA[expected [200] but found [401]]]>
            </message>
            <full-stacktrace>
              <![CDATA[java.lang.AssertionError: expected [200] but found [401]
at org.testng.Assert.fail(Assert.java:111)
at org.testng.Assert.failNotEquals(Assert.java:1578)
at org.testng.Assert.assertEqualsImpl(Assert.java:150)
at org.testng.Assert.assertEquals(Assert.java:132)
at org.testng.Assert.assertEquals(Assert.java:1419)
at org.testng.Assert.assertEquals(Assert.java:1383)
at org.testng.Assert.assertEquals(Assert.java:1429)
at securebank.stepdefinitions.ApiSteps.verifyStatus(ApiSteps.java:21)
at ✽.recibo status 200(file:///D:/PROYECTOS/securebank-test-framework/src/test/resources/features/api.feature:11)
]]>
            </full-stacktrace>
          </exception> <!-- java.lang.AssertionError -->
          <reporter-output>
          </reporter-output>
        </test-method> <!-- runScenario -->
        <test-method signature="runScenario(io.cucumber.testng.PickleWrapper,io.cucumber.testng.FeatureWrapper)[pri:0, instance:securebank.runners.TestRunner@4b213651]" started-at="2026-07-27T23:22:15 CLT" name="runScenario" description="Runs Cucumber Scenarios" data-provider="scenarios" finished-at="2026-07-27T23:22:17 CLT" duration-ms="1403" status="PASS">
          <params>
            <param index="0">
              <value>
                <![CDATA["API rechaza SQL Injection"]]>
              </value>
            </param>
            <param index="1">
              <value>
                <![CDATA["API de SecureBank"]]>
              </value>
            </param>
          </params>
          <reporter-output>
          </reporter-output>
        </test-method> <!-- runScenario -->
        <test-method signature="runScenario(io.cucumber.testng.PickleWrapper,io.cucumber.testng.FeatureWrapper)[pri:0, instance:securebank.runners.TestRunner@4b213651]" started-at="2026-07-27T23:22:17 CLT" name="runScenario" description="Runs Cucumber Scenarios" data-provider="scenarios" finished-at="2026-07-27T23:22:19 CLT" duration-ms="2178" status="FAIL">
          <params>
            <param index="0">
              <value>
                <![CDATA["Consulta de saldo API"]]>
              </value>
            </param>
            <param index="1">
              <value>
                <![CDATA["API de SecureBank"]]>
              </value>
            </param>
          </params>
          <exception class="java.lang.AssertionError">
            <message>
              <![CDATA[expected [200] but found [401]]]>
            </message>
            <full-stacktrace>
              <![CDATA[java.lang.AssertionError: expected [200] but found [401]
at org.testng.Assert.fail(Assert.java:111)
at org.testng.Assert.failNotEquals(Assert.java:1578)
at org.testng.Assert.assertEqualsImpl(Assert.java:150)
at org.testng.Assert.assertEquals(Assert.java:132)
at org.testng.Assert.assertEquals(Assert.java:1419)
at org.testng.Assert.assertEquals(Assert.java:1383)
at org.testng.Assert.assertEquals(Assert.java:1429)
at securebank.stepdefinitions.ApiSteps.verifyStatus(ApiSteps.java:21)
at ✽.recibo status 200(file:///D:/PROYECTOS/securebank-test-framework/src/test/resources/features/api.feature:23)
]]>
            </full-stacktrace>
          </exception> <!-- java.lang.AssertionError -->
          <reporter-output>
          </reporter-output>
        </test-method> <!-- runScenario -->
        <test-method signature="runScenario(io.cucumber.testng.PickleWrapper,io.cucumber.testng.FeatureWrapper)[pri:0, instance:securebank.runners.TestRunner@4b213651]" started-at="2026-07-27T23:22:19 CLT" name="runScenario" description="Runs Cucumber Scenarios" data-provider="scenarios" finished-at="2026-07-27T23:22:20 CLT" duration-ms="1209" status="PASS">
          <params>
            <param index="0">
              <value>
                <![CDATA["Login exitoso con credenciales válidas"]]>
              </value>
            </param>
            <param index="1">
              <value>
                <![CDATA["Login de usuarios en SecureBank"]]>
              </value>
            </param>
          </params>
          <reporter-output>
          </reporter-output>
        </test-method> <!-- runScenario -->
        <test-method signature="runScenario(io.cucumber.testng.PickleWrapper,io.cucumber.testng.FeatureWrapper)[pri:0, instance:securebank.runners.TestRunner@4b213651]" started-at="2026-07-27T23:22:20 CLT" name="runScenario" description="Runs Cucumber Scenarios" data-provider="scenarios" finished-at="2026-07-27T23:22:21 CLT" duration-ms="1197" status="PASS">
          <params>
            <param index="0">
              <value>
                <![CDATA["Login fallido con usuario bloqueado"]]>
              </value>
            </param>
            <param index="1">
              <value>
                <![CDATA["Login de usuarios en SecureBank"]]>
              </value>
            </param>
          </params>
          <reporter-output>
          </reporter-output>
        </test-method> <!-- runScenario -->
        <test-method signature="runScenario(io.cucumber.testng.PickleWrapper,io.cucumber.testng.FeatureWrapper)[pri:0, instance:securebank.runners.TestRunner@4b213651]" started-at="2026-07-27T23:22:21 CLT" name="runScenario" description="Runs Cucumber Scenarios" data-provider="scenarios" finished-at="2026-07-27T23:22:22 CLT" duration-ms="1124" status="PASS">
          <params>
            <param index="0">
              <value>
                <![CDATA["Intento de SQL Injection en el login"]]>
              </value>
            </param>
            <param index="1">
              <value>
                <![CDATA["Login de usuarios en SecureBank"]]>
              </value>
            </param>
          </params>
          <reporter-output>
          </reporter-output>
        </test-method> <!-- runScenario -->
        <test-method signature="runScenario(io.cucumber.testng.PickleWrapper,io.cucumber.testng.FeatureWrapper)[pri:0, instance:securebank.runners.TestRunner@4b213651]" started-at="2026-07-27T23:22:22 CLT" name="runScenario" description="Runs Cucumber Scenarios" data-provider="scenarios" finished-at="2026-07-27T23:22:24 CLT" duration-ms="1146" status="PASS">
          <params>
            <param index="0">
              <value>
                <![CDATA["Validar múltiples credenciales"]]>
              </value>
            </param>
            <param index="1">
              <value>
                <![CDATA["Login de usuarios en SecureBank"]]>
              </value>
            </param>
          </params>
          <reporter-output>
          </reporter-output>
        </test-method> <!-- runScenario -->
        <test-method signature="runScenario(io.cucumber.testng.PickleWrapper,io.cucumber.testng.FeatureWrapper)[pri:0, instance:securebank.runners.TestRunner@4b213651]" started-at="2026-07-27T23:22:24 CLT" name="runScenario" description="Runs Cucumber Scenarios" data-provider="scenarios" finished-at="2026-07-27T23:22:25 CLT" duration-ms="1128" status="PASS">
          <params>
            <param index="0">
              <value>
                <![CDATA["Validar múltiples credenciales"]]>
              </value>
            </param>
            <param index="1">
              <value>
                <![CDATA["Login de usuarios en SecureBank"]]>
              </value>
            </param>
          </params>
          <reporter-output>
          </reporter-output>
        </test-method> <!-- runScenario -->
        <test-method signature="runScenario(io.cucumber.testng.PickleWrapper,io.cucumber.testng.FeatureWrapper)[pri:0, instance:securebank.runners.TestRunner@4b213651]" started-at="2026-07-27T23:22:25 CLT" name="runScenario" description="Runs Cucumber Scenarios" data-provider="scenarios" finished-at="2026-07-27T23:22:26 CLT" duration-ms="1117" status="PASS">
          <params>
            <param index="0">
              <value>
                <![CDATA["Validar múltiples credenciales"]]>
              </value>
            </param>
            <param index="1">
              <value>
                <![CDATA["Login de usuarios en SecureBank"]]>
              </value>
            </param>
          </params>
          <reporter-output>
          </reporter-output>
        </test-method> <!-- runScenario -->
        <test-method is-config="true" signature="tearDownClass()[pri:0, instance:securebank.runners.TestRunner@4b213651]" started-at="2026-07-27T23:22:26 CLT" name="tearDownClass" finished-at="2026-07-27T23:22:26 CLT" duration-ms="33" status="PASS">
          <reporter-output>
          </reporter-output>
        </test-method> <!-- tearDownClass -->
      </class> <!-- securebank.runners.TestRunner -->
    </test> <!-- Surefire test -->
  </suite> <!-- Surefire suite -->
</testng-results>
