<?xml version="1.0" encoding="UTF-8"?>
<!-- Generated by org.testng.reporters.JUnitReportReporter -->
<testsuite hostname="E404" failures="2" tests="9" name="securebank.runners.TestRunner" time="13.349" errors="0" timestamp="2026-07-27T23:22:26 CLT" skipped="0">
  <testcase classname="securebank.runners.TestRunner" name="runScenario" time="2.847">
    <failure message="expected [200] but found [401]" type="java.lang.AssertionError">
      <![CDATA[java.lang.AssertionError: expected [200] but found [401]
at org.testng.Assert.fail(Assert.java:111)
at org.testng.Assert.failNotEquals(Assert.java:1578)
at org.testng.Assert.assertEqualsImpl(Assert.java:150)
at org.testng.Assert.assertEquals(Assert.java:132)
at org.testng.Assert.assertEquals(Assert.java:1419)
at org.testng.Assert.assertEquals(Assert.java:1383)
at org.testng.Assert.assertEquals(Assert.java:1429)
at securebank.stepdefinitions.ApiSteps.verifyStatus(ApiSteps.java:21)
at ✽.recibo status 200(file:///D:/PROYECTOS/securebank-test-framework/src/test/resources/features/api.feature:11)
]]>
    </failure>
  </testcase> <!-- runScenario -->
  <testcase classname="securebank.runners.TestRunner" name="runScenario" time="1.146"/>
  <testcase classname="securebank.runners.TestRunner" name="runScenario" time="1.128"/>
  <testcase classname="securebank.runners.TestRunner" name="runScenario" time="1.197"/>
  <testcase classname="securebank.runners.TestRunner" name="runScenario" time="1.124"/>
  <testcase classname="securebank.runners.TestRunner" name="runScenario" time="1.117"/>
  <testcase classname="securebank.runners.TestRunner" name="runScenario" time="1.209"/>
  <testcase classname="securebank.runners.TestRunner" name="runScenario" time="1.403"/>
  <testcase classname="securebank.runners.TestRunner" name="runScenario" time="2.178">
    <failure message="expected [200] but found [401]" type="java.lang.AssertionError">
      <![CDATA[java.lang.AssertionError: expected [200] but found [401]
at org.testng.Assert.fail(Assert.java:111)
at org.testng.Assert.failNotEquals(Assert.java:1578)
at org.testng.Assert.assertEqualsImpl(Assert.java:150)
at org.testng.Assert.assertEquals(Assert.java:132)
at org.testng.Assert.assertEquals(Assert.java:1419)
at org.testng.Assert.assertEquals(Assert.java:1383)
at org.testng.Assert.assertEquals(Assert.java:1429)
at securebank.stepdefinitions.ApiSteps.verifyStatus(ApiSteps.java:21)
at ✽.recibo status 200(file:///D:/PROYECTOS/securebank-test-framework/src/test/resources/features/api.feature:23)
]]>
    </failure>
  </testcase> <!-- runScenario -->
</testsuite> <!-- securebank.runners.TestRunner -->
