<?xml version="1.0" encoding="UTF-8"?>
<!-- Generated by org.testng.reporters.JUnitReportReporter -->
<testsuite hostname="E404" failures="0" tests="6" name="securebank.runners.TestRunner" time="7.866" errors="0" timestamp="2026-07-27T19:49:54 CLT" skipped="0">
  <testcase classname="securebank.runners.TestRunner" name="runScenario" time="1.151"/>
  <testcase classname="securebank.runners.TestRunner" name="runScenario" time="1.205"/>
  <testcase classname="securebank.runners.TestRunner" name="runScenario" time="1.178"/>
  <testcase classname="securebank.runners.TestRunner" name="runScenario" time="2.002"/>
  <testcase classname="securebank.runners.TestRunner" name="runScenario" time="1.169"/>
  <testcase classname="securebank.runners.TestRunner" name="runScenario" time="1.161"/>
</testsuite> <!-- securebank.runners.TestRunner -->
